<?xml version="1.0" encoding="UTF-8"?>
<coverage generated="1561390690513" clover="3.2.0">
  <project timestamp="1561390690513" name="All files">
    <metrics statements="31" coveredstatements="21" conditionals="23" coveredconditionals="23" methods="5" coveredmethods="4" elements="59" coveredelements="48" complexity="0" loc="31" ncloc="31" packages="1" files="4" classes="4"/>
    <file name="Button.tsx" path="/Users/aiwmf/Private/projects/watermelon/src/components/button/Button.tsx">
      <metrics statements="10" coveredstatements="10" conditionals="17" coveredconditionals="17" methods="1" coveredmethods="1"/>
      <line num="1" count="1" type="stmt"/>
      <line num="2" count="1" type="stmt"/>
      <line num="3" count="1" type="stmt"/>
      <line num="4" count="1" type="stmt"/>
      <line num="6" count="1" type="stmt"/>
      <line num="7" count="6" type="cond" truecount="3" falsecount="0"/>
      <line num="8" count="6" type="stmt"/>
      <line num="13" count="6" type="stmt"/>
      <line num="22" count="6" type="stmt"/>
      <line num="29" count="6" type="stmt"/>
    </file>
    <file name="ButtonTest.tsx" path="/Users/aiwmf/Private/projects/watermelon/src/components/button/ButtonTest.tsx">
      <metrics statements="6" coveredstatements="0" conditionals="0" coveredconditionals="0" methods="1" coveredmethods="0"/>
      <line num="4" count="0" type="stmt"/>
      <line num="5" count="0" type="stmt"/>
      <line num="6" count="0" type="stmt"/>
      <line num="7" count="0" type="stmt"/>
      <line num="9" count="0" type="stmt"/>
      <line num="10" count="0" type="stmt"/>
    </file>
    <file name="index.tsx" path="/Users/aiwmf/Private/projects/watermelon/src/components/button/index.tsx">
      <metrics statements="4" coveredstatements="0" conditionals="0" coveredconditionals="0" methods="0" coveredmethods="0"/>
      <line num="1" count="0" type="stmt"/>
      <line num="2" count="0" type="stmt"/>
      <line num="4" count="0" type="stmt"/>
      <line num="5" count="0" type="stmt"/>
    </file>
    <file name="type.ts" path="/Users/aiwmf/Private/projects/watermelon/src/components/button/type.ts">
      <metrics statements="11" coveredstatements="11" conditionals="6" coveredconditionals="6" methods="3" coveredmethods="3"/>
      <line num="2" count="1" type="cond" truecount="2" falsecount="0"/>
      <line num="3" count="1" type="stmt"/>
      <line num="4" count="1" type="stmt"/>
      <line num="5" count="1" type="stmt"/>
      <line num="6" count="1" type="stmt"/>
      <line num="9" count="1" type="cond" truecount="2" falsecount="0"/>
      <line num="10" count="1" type="stmt"/>
      <line num="11" count="1" type="stmt"/>
      <line num="14" count="1" type="cond" truecount="2" falsecount="0"/>
      <line num="15" count="1" type="stmt"/>
      <line num="16" count="1" type="stmt"/>
    </file>
  </project>
</coverage>
