{"/Users/aiwmf/Private/projects/watermelon/src/components/button/Button.tsx": {"path":"/Users/aiwmf/Private/projects/watermelon/src/components/button/Button.tsx","statementMap":{"0":{"start":{"line":1,"column":0},"end":{"line":1,"column":40}},"1":{"start":{"line":2,"column":0},"end":{"line":2,"column":36}},"2":{"start":{"line":3,"column":0},"end":{"line":3,"column":80}},"3":{"start":{"line":4,"column":0},"end":{"line":4,"column":35}},"4":{"start":{"line":7,"column":86},"end":{"line":7,"column":91}},"5":{"start":{"line":8,"column":18},"end":{"line":12,"column":4}},"6":{"start":{"line":13,"column":17},"end":{"line":21,"column":4}},"7":{"start":{"line":22,"column":21},"end":{"line":26,"column":4}},"8":{"start":{"line":29,"column":2},"end":{"line":39,"column":null}},"9":{"start":{"line":6,"column":0},"end":{"line":6,"column":24}}},"fnMap":{"0":{"name":"Button","decl":{"start":{"line":6,"column":24},"end":{"line":6,"column":30}},"loc":{"start":{"line":6,"column":50},"end":{"line":40,"column":1}}}},"branchMap":{"0":{"loc":{"start":{"line":7,"column":17},"end":{"line":7,"column":26}},"type":"default-arg","locations":[{"start":{"line":7,"column":17},"end":{"line":7,"column":26}}]},"1":{"loc":{"start":{"line":7,"column":45},"end":{"line":7,"column":50}},"type":"default-arg","locations":[{"start":{"line":7,"column":45},"end":{"line":7,"column":50}}]},"2":{"loc":{"start":{"line":7,"column":64},"end":{"line":7,"column":75}},"type":"default-arg","locations":[{"start":{"line":7,"column":64},"end":{"line":7,"column":75}}]},"3":{"loc":{"start":{"line":24,"column":31},"end":{"line":24,"column":35}},"type":"binary-expr","locations":[{"start":{"line":24,"column":31},"end":{"line":24,"column":35}},{"start":{"line":24,"column":39},"end":{"line":24,"column":77}}]},"4":{"loc":{"start":{"line":25,"column":31},"end":{"line":25,"column":35}},"type":"binary-expr","locations":[{"start":{"line":25,"column":31},"end":{"line":25,"column":35}},{"start":{"line":25,"column":39},"end":{"line":25,"column":77}}]},"5":{"loc":{"start":{"line":32,"column":57},"end":{"line":32,"column":93}},"type":"cond-expr","locations":[{"start":{"line":32,"column":57},"end":{"line":32,"column":93}},{"start":{"line":32,"column":96},"end":{"line":32,"column":100}}]},"6":{"loc":{"start":{"line":32,"column":8},"end":{"line":32,"column":46}},"type":"binary-expr","locations":[{"start":{"line":32,"column":8},"end":{"line":32,"column":46}},{"start":{"line":32,"column":50},"end":{"line":32,"column":54}}]},"7":{"loc":{"start":{"line":34,"column":38},"end":{"line":34,"column":92}},"type":"cond-expr","locations":[{"start":{"line":34,"column":38},"end":{"line":34,"column":92}},{"start":{"line":34,"column":95},"end":{"line":34,"column":99}}]},"8":{"loc":{"start":{"line":36,"column":57},"end":{"line":36,"column":93}},"type":"cond-expr","locations":[{"start":{"line":36,"column":57},"end":{"line":36,"column":93}},{"start":{"line":36,"column":96},"end":{"line":36,"column":100}}]},"9":{"loc":{"start":{"line":36,"column":8},"end":{"line":36,"column":46}},"type":"binary-expr","locations":[{"start":{"line":36,"column":8},"end":{"line":36,"column":46}},{"start":{"line":36,"column":50},"end":{"line":36,"column":54}}]}},"s":{"0":1,"1":1,"2":1,"3":1,"4":6,"5":6,"6":6,"7":6,"8":6,"9":1},"f":{"0":6},"b":{"0":[5],"1":[6],"2":[4],"3":[6,3],"4":[6,3],"5":[2,4],"6":[6,5],"7":[4,2],"8":[1,5],"9":[6,1]}}
,"/Users/aiwmf/Private/projects/watermelon/src/components/button/ButtonTest.tsx": {"path":"/Users/aiwmf/Private/projects/watermelon/src/components/button/ButtonTest.tsx","statementMap":{"0":{"start":{"line":4,"column":0},"end":{"line":4,"column":26}},"1":{"start":{"line":5,"column":0},"end":{"line":5,"column":30}},"2":{"start":{"line":6,"column":0},"end":{"line":6,"column":35}},"3":{"start":{"line":7,"column":0},"end":{"line":7,"column":65}},"4":{"start":{"line":10,"column":2},"end":{"line":23,"column":null}},"5":{"start":{"line":9,"column":0},"end":{"line":9,"column":24}}},"fnMap":{"0":{"name":"ButtonTest","decl":{"start":{"line":9,"column":24},"end":{"line":9,"column":34}},"loc":{"start":{"line":9,"column":34},"end":{"line":24,"column":1}}}},"branchMap":{},"s":{"0":0,"1":0,"2":0,"3":0,"4":0,"5":0},"f":{"0":0},"b":{}}
,"/Users/aiwmf/Private/projects/watermelon/src/components/button/index.tsx": {"path":"/Users/aiwmf/Private/projects/watermelon/src/components/button/index.tsx","statementMap":{"0":{"start":{"line":1,"column":0},"end":{"line":1,"column":30}},"1":{"start":{"line":2,"column":0},"end":{"line":2,"column":7}},"2":{"start":{"line":4,"column":9},"end":{"line":2,"column":38}},"3":{"start":{"line":5,"column":0},"end":{"line":5,"column":22}}},"fnMap":{},"branchMap":{},"s":{"0":0,"1":0,"2":0,"3":0},"f":{},"b":{}}
,"/Users/aiwmf/Private/projects/watermelon/src/components/button/type.ts": {"path":"/Users/aiwmf/Private/projects/watermelon/src/components/button/type.ts","statementMap":{"0":{"start":{"line":2,"column":0},"end":{"line":2,"column":null}},"1":{"start":{"line":3,"column":2},"end":{"line":3,"column":null}},"2":{"start":{"line":4,"column":2},"end":{"line":4,"column":null}},"3":{"start":{"line":5,"column":2},"end":{"line":5,"column":null}},"4":{"start":{"line":6,"column":2},"end":{"line":6,"column":null}},"5":{"start":{"line":9,"column":0},"end":{"line":9,"column":null}},"6":{"start":{"line":10,"column":2},"end":{"line":10,"column":null}},"7":{"start":{"line":11,"column":2},"end":{"line":11,"column":null}},"8":{"start":{"line":14,"column":0},"end":{"line":14,"column":null}},"9":{"start":{"line":15,"column":2},"end":{"line":15,"column":null}},"10":{"start":{"line":16,"column":2},"end":{"line":16,"column":null}}},"fnMap":{"0":{"name":"(anonymous_0)","decl":{"start":{"line":2,"column":0},"end":{"line":2,"column":12}},"loc":{"start":{"line":2,"column":22},"end":{"line":7,"column":1}}},"1":{"name":"(anonymous_1)","decl":{"start":{"line":9,"column":0},"end":{"line":9,"column":12}},"loc":{"start":{"line":9,"column":23},"end":{"line":12,"column":1}}},"2":{"name":"(anonymous_2)","decl":{"start":{"line":14,"column":0},"end":{"line":14,"column":12}},"loc":{"start":{"line":14,"column":27},"end":{"line":17,"column":1}}}},"branchMap":{"0":{"loc":{"start":{"line":2,"column":12},"end":{"line":2,"column":22}},"type":"binary-expr","locations":[{"start":{"line":2,"column":12},"end":{"line":2,"column":22}},{"start":{"line":2,"column":12},"end":{"line":2,"column":null}}]},"1":{"loc":{"start":{"line":9,"column":12},"end":{"line":9,"column":23}},"type":"binary-expr","locations":[{"start":{"line":9,"column":12},"end":{"line":9,"column":23}},{"start":{"line":9,"column":12},"end":{"line":9,"column":null}}]},"2":{"loc":{"start":{"line":14,"column":12},"end":{"line":14,"column":27}},"type":"binary-expr","locations":[{"start":{"line":14,"column":12},"end":{"line":14,"column":27}},{"start":{"line":14,"column":12},"end":{"line":14,"column":null}}]}},"s":{"0":1,"1":1,"2":1,"3":1,"4":1,"5":1,"6":1,"7":1,"8":1,"9":1,"10":1},"f":{"0":1,"1":1,"2":1},"b":{"0":[1,1],"1":[1,1],"2":[1,1]}}
}
