TN:
SF:/Users/aiwmf/Private/projects/watermelon/src/components/button/Button.tsx
FN:6,Button
FNF:1
FNH:1
FNDA:6,Button
DA:1,1
DA:2,1
DA:3,1
DA:4,1
DA:6,1
DA:7,6
DA:8,6
DA:13,6
DA:22,6
DA:29,6
LF:10
LH:10
BRDA:7,0,0,5
BRDA:7,1,0,6
BRDA:7,2,0,4
BRDA:24,3,0,6
BRDA:24,3,1,3
BRDA:25,4,0,6
BRDA:25,4,1,3
BRDA:32,5,0,2
BRDA:32,5,1,4
BRDA:32,6,0,6
BRDA:32,6,1,5
BRDA:34,7,0,4
BRDA:34,7,1,2
BRDA:36,8,0,1
BRDA:36,8,1,5
BRDA:36,9,0,6
BRDA:36,9,1,1
BRF:17
BRH:17
end_of_record
TN:
SF:/Users/aiwmf/Private/projects/watermelon/src/components/button/ButtonTest.tsx
FN:9,ButtonTest
FNF:1
FNH:0
FNDA:0,ButtonTest
DA:4,0
DA:5,0
DA:6,0
DA:7,0
DA:9,0
DA:10,0
LF:6
LH:0
BRF:0
BRH:0
end_of_record
TN:
SF:/Users/aiwmf/Private/projects/watermelon/src/components/button/index.tsx
FNF:0
FNH:0
DA:1,0
DA:2,0
DA:4,0
DA:5,0
LF:4
LH:0
BRF:0
BRH:0
end_of_record
TN:
SF:/Users/aiwmf/Private/projects/watermelon/src/components/button/type.ts
FN:2,(anonymous_0)
FN:9,(anonymous_1)
FN:14,(anonymous_2)
FNF:3
FNH:3
FNDA:1,(anonymous_0)
FNDA:1,(anonymous_1)
FNDA:1,(anonymous_2)
DA:2,1
DA:3,1
DA:4,1
DA:5,1
DA:6,1
DA:9,1
DA:10,1
DA:11,1
DA:14,1
DA:15,1
DA:16,1
LF:11
LH:11
BRDA:2,0,0,1
BRDA:2,0,1,1
BRDA:9,1,0,1
BRDA:9,1,1,1
BRDA:14,2,0,1
BRDA:14,2,1,1
BRF:6
BRH:6
end_of_record
